[2024-10-12 13:44:07,551: INFO: main: welcome to our custom log ]
[2024-10-12 13:45:19,441: INFO: main: welcome to our custom log ]
[2024-10-12 23:18:57,764: INFO: main: >>>>>>> stage Data Ingestion stage started <<<<<<< ]
[2024-10-12 23:18:57,766: INFO: common: yaml file: config\config.yaml loaded successfully ]
[2024-10-12 23:18:57,767: INFO: common: created directory at: artifacts ]
[2024-10-12 23:18:57,767: INFO: common: created directory at: artifacts/data_ingestion ]
[2024-10-12 23:18:57,767: INFO: data_ingestion: Downloading data from https://drive.google.com/file/d/1XB9bXEKCf7Zg50eMlAnjFt6wUm6jqb9Z/view?usp=drive_link into file artifacts/data_ingestion/data.zip ]
[2024-10-12 23:21:31,778: INFO: data_ingestion: Downloaded data from https://drive.google.com/file/d/1XB9bXEKCf7Zg50eMlAnjFt6wUm6jqb9Z/view?usp=drive_link into file artifacts/data_ingestion/data.zip ]
[2024-10-12 23:21:32,457: INFO: main: >>>>>>> stage Data Ingestion stage completed <<<<<<<

x==============x ]
[2024-10-13 12:01:38,479: INFO: common: yaml file: config\config.yaml loaded successfully ]
[2024-10-13 12:01:38,510: INFO: common: yaml file: params.yaml loaded successfully ]
[2024-10-13 12:01:38,515: INFO: common: created directory at: artifacts ]
[2024-10-13 12:09:01,448: INFO: common: yaml file: config\config.yaml loaded successfully ]
[2024-10-13 12:09:01,452: INFO: common: yaml file: params.yaml loaded successfully ]
[2024-10-13 12:09:01,455: INFO: common: created directory at: artifacts ]
[2024-10-13 12:10:13,066: INFO: common: yaml file: config\config.yaml loaded successfully ]
[2024-10-13 12:10:13,071: INFO: common: yaml file: params.yaml loaded successfully ]
[2024-10-13 12:10:13,073: INFO: common: created directory at: artifacts ]
[2024-10-13 12:29:01,600: INFO: common: yaml file: config\config.yaml loaded successfully ]
[2024-10-13 12:29:01,600: INFO: common: yaml file: params.yaml loaded successfully ]
[2024-10-13 12:29:01,600: INFO: common: created directory at: artifacts ]
[2024-10-13 12:29:01,600: INFO: common: created directory at: artifacts/prepare_base_model ]
[2024-10-13 12:29:52,655: INFO: common: yaml file: config\config.yaml loaded successfully ]
[2024-10-13 12:29:52,658: INFO: common: yaml file: params.yaml loaded successfully ]
[2024-10-13 12:29:52,660: INFO: common: created directory at: artifacts ]
[2024-10-13 12:29:52,660: INFO: common: created directory at: artifacts/prepare_base_model ]
[2024-10-13 12:32:33,387: WARNING: saving_utils: Compiled the loaded model, but the compiled metrics have yet to be built. `model.compile_metrics` will be empty until you train or evaluate the model. ]
[2024-10-13 12:38:53,053: INFO: main: >>>>>>> stage Data Ingestion stage started <<<<<<< ]
[2024-10-13 12:38:53,063: INFO: common: yaml file: config\config.yaml loaded successfully ]
[2024-10-13 12:38:53,077: INFO: common: yaml file: params.yaml loaded successfully ]
[2024-10-13 12:38:53,078: INFO: common: created directory at: artifacts ]
[2024-10-13 12:38:53,078: ERROR: main: 'ConfigurationManager' object has no attribute 'get_data_ingestion_config' ]
Traceback (most recent call last):
  File "C:\Users\wiki\Desktop\kidney-mlops\kidney-disease-mlops\main.py", line 11, in <module>
    obj.main()
  File "c:\users\wiki\desktop\kidney-mlops\kidney-disease-mlops\src\cnnClassifier\pipeline\stage_01_data_ingestion.py", line 13, in main
    data_ingestion_config = config.get_data_ingestion_config()
                            ^^^^^^^^^^^^^^^^^^^^^^^^^^^^^^^^
AttributeError: 'ConfigurationManager' object has no attribute 'get_data_ingestion_config'
[2024-10-13 12:40:24,640: INFO: main: >>>>>>> stage Data Ingestion stage started <<<<<<< ]
[2024-10-13 12:40:24,641: INFO: common: yaml file: config\config.yaml loaded successfully ]
[2024-10-13 12:40:24,643: INFO: common: yaml file: params.yaml loaded successfully ]
[2024-10-13 12:40:24,644: INFO: common: created directory at: artifacts ]
[2024-10-13 12:40:24,644: ERROR: main: 'ConfigurationManager' object has no attribute 'get_data_ingestion_config' ]
Traceback (most recent call last):
  File "C:\Users\wiki\Desktop\kidney-mlops\kidney-disease-mlops\main.py", line 11, in <module>
    obj.main()
  File "c:\users\wiki\desktop\kidney-mlops\kidney-disease-mlops\src\cnnClassifier\pipeline\stage_01_data_ingestion.py", line 13, in main
    data_ingestion_config = config.get_data_ingestion_config()
                            ^^^^^^^^^^^^^^^^^^^^^^^^^^^^^^^^
AttributeError: 'ConfigurationManager' object has no attribute 'get_data_ingestion_config'
[2024-10-13 12:42:16,189: INFO: main: >>>>>>> stage Data Ingestion stage started <<<<<<< ]
[2024-10-13 12:42:16,190: INFO: common: yaml file: config\config.yaml loaded successfully ]
[2024-10-13 12:42:16,191: INFO: common: yaml file: params.yaml loaded successfully ]
[2024-10-13 12:42:16,194: INFO: common: created directory at: artifacts ]
[2024-10-13 12:42:16,194: ERROR: main: 'ConfigurationManager' object has no attribute 'get_data_ingestion_config' ]
Traceback (most recent call last):
  File "C:\Users\wiki\Desktop\kidney-mlops\kidney-disease-mlops\main.py", line 11, in <module>
    obj.main()
  File "c:\users\wiki\desktop\kidney-mlops\kidney-disease-mlops\src\cnnClassifier\pipeline\stage_01_data_ingestion.py", line 13, in main
    data_ingestion_config = config.get_data_ingestion_config()
                            ^^^^^^^^^^^^^^^^^^^^^^^^^^^^^^^^
AttributeError: 'ConfigurationManager' object has no attribute 'get_data_ingestion_config'
[2024-10-13 12:43:08,357: INFO: main: >>>>>>> stage Data Ingestion stage started <<<<<<< ]
[2024-10-13 12:43:08,359: INFO: common: yaml file: config\config.yaml loaded successfully ]
[2024-10-13 12:43:08,361: INFO: common: yaml file: params.yaml loaded successfully ]
[2024-10-13 12:43:08,362: INFO: common: created directory at: artifacts ]
[2024-10-13 12:43:08,362: ERROR: main: 'ConfigurationManager' object has no attribute 'get_data_ingestion_config' ]
Traceback (most recent call last):
  File "C:\Users\wiki\Desktop\kidney-mlops\kidney-disease-mlops\main.py", line 11, in <module>
    obj.main()
  File "c:\users\wiki\desktop\kidney-mlops\kidney-disease-mlops\src\cnnClassifier\pipeline\stage_01_data_ingestion.py", line 13, in main
    data_ingestion_config = config.get_data_ingestion_config()
                            ^^^^^^^^^^^^^^^^^^^^^^^^^^^^^^^^
AttributeError: 'ConfigurationManager' object has no attribute 'get_data_ingestion_config'
[2024-10-13 12:46:16,336: INFO: main: >>>>>>> stage Data Ingestion stage started <<<<<<< ]
[2024-10-13 12:46:16,338: INFO: common: yaml file: config\config.yaml loaded successfully ]
[2024-10-13 12:46:16,340: INFO: common: yaml file: params.yaml loaded successfully ]
[2024-10-13 12:46:16,341: INFO: common: created directory at: artifacts ]
[2024-10-13 12:46:16,341: INFO: common: created directory at: artifacts/data_ingestion ]
[2024-10-13 12:46:16,342: INFO: data_ingestion: Downloading data from https://drive.google.com/file/d/1XB9bXEKCf7Zg50eMlAnjFt6wUm6jqb9Z/view?usp=drive_link into file artifacts/data_ingestion/data.zip ]
[2024-10-13 12:48:22,497: INFO: data_ingestion: Downloaded data from https://drive.google.com/file/d/1XB9bXEKCf7Zg50eMlAnjFt6wUm6jqb9Z/view?usp=drive_link into file artifacts/data_ingestion/data.zip ]
[2024-10-13 12:48:23,254: INFO: main: >>>>>>> stage Data Ingestion stage completed <<<<<<<

x==============x ]
[2024-10-13 12:48:23,255: INFO: main: ******************* ]
[2024-10-13 12:48:23,255: INFO: main: >>>>>> stage Prepare base model started <<<<<< ]
[2024-10-13 12:48:23,259: INFO: common: yaml file: config\config.yaml loaded successfully ]
[2024-10-13 12:48:23,263: INFO: common: yaml file: params.yaml loaded successfully ]
[2024-10-13 12:48:23,264: INFO: common: created directory at: artifacts ]
[2024-10-13 12:48:23,264: INFO: common: created directory at: artifacts/prepare_base_model ]
[2024-10-13 12:48:23,851: WARNING: saving_utils: Compiled the loaded model, but the compiled metrics have yet to be built. `model.compile_metrics` will be empty until you train or evaluate the model. ]
[2024-10-13 12:48:24,157: INFO: main: >>>>>> stage Prepare base model completed <<<<<<

x==========x ]
[2024-10-13 14:29:40,496: INFO: common: yaml file: config\config.yaml loaded successfully ]
[2024-10-13 14:29:40,539: INFO: common: yaml file: params.yaml loaded successfully ]
[2024-10-13 14:29:40,545: INFO: common: created directory at: artifacts ]
[2024-10-13 14:29:40,549: INFO: common: created directory at: artifacts\training ]
[2024-10-13 14:38:32,505: INFO: main: >>>>>>> stage Data Ingestion stage started <<<<<<< ]
[2024-10-13 14:38:32,505: INFO: common: yaml file: config\config.yaml loaded successfully ]
[2024-10-13 14:38:32,505: INFO: common: yaml file: params.yaml loaded successfully ]
[2024-10-13 14:38:32,505: INFO: common: created directory at: artifacts ]
[2024-10-13 14:38:32,505: INFO: common: created directory at: artifacts/data_ingestion ]
[2024-10-13 14:38:32,505: INFO: data_ingestion: Downloading data from https://drive.google.com/file/d/1XB9bXEKCf7Zg50eMlAnjFt6wUm6jqb9Z/view?usp=drive_link into file artifacts/data_ingestion/data.zip ]
[2024-10-13 14:41:05,165: INFO: data_ingestion: Downloaded data from https://drive.google.com/file/d/1XB9bXEKCf7Zg50eMlAnjFt6wUm6jqb9Z/view?usp=drive_link into file artifacts/data_ingestion/data.zip ]
[2024-10-13 14:41:06,279: INFO: main: >>>>>>> stage Data Ingestion stage completed <<<<<<<

x==============x ]
[2024-10-13 14:41:06,279: INFO: main: ******************* ]
[2024-10-13 14:41:06,279: INFO: main: >>>>>> stage Prepare base model started <<<<<< ]
[2024-10-13 14:41:06,283: INFO: common: yaml file: config\config.yaml loaded successfully ]
[2024-10-13 14:41:06,286: INFO: common: yaml file: params.yaml loaded successfully ]
[2024-10-13 14:41:06,286: INFO: common: created directory at: artifacts ]
[2024-10-13 14:41:06,286: INFO: common: created directory at: artifacts/prepare_base_model ]
[2024-10-13 14:41:07,003: WARNING: saving_utils: Compiled the loaded model, but the compiled metrics have yet to be built. `model.compile_metrics` will be empty until you train or evaluate the model. ]
[2024-10-13 14:41:07,386: INFO: main: >>>>>> stage Prepare base model completed <<<<<<

x==========x ]
[2024-10-13 14:41:07,386: INFO: main: ******************* ]
[2024-10-13 14:41:07,386: INFO: main: >>>>>> stage Training started <<<<<< ]
[2024-10-13 14:41:07,390: INFO: common: yaml file: config\config.yaml loaded successfully ]
[2024-10-13 14:41:07,392: INFO: common: yaml file: params.yaml loaded successfully ]
[2024-10-13 14:41:07,395: INFO: common: created directory at: artifacts ]
[2024-10-13 14:41:07,396: INFO: common: created directory at: artifacts\training ]
[2024-10-13 14:42:11,169: INFO: main: >>>>>> stage Training completed <<<<<<

x==========x ]
[2024-10-14 18:55:05,934: INFO: common: yaml file: config\config.yaml loaded successfully ]
[2024-10-14 18:55:05,961: INFO: common: yaml file: params.yaml loaded successfully ]
[2024-10-14 18:55:05,963: INFO: common: created directory at: artifacts ]
[2024-10-14 18:55:33,147: INFO: common: json file saved at: scores.json ]
[2024-10-14 18:55:36,736: WARNING: save: Found untraced functions such as _jit_compiled_convolution_op, _jit_compiled_convolution_op, _jit_compiled_convolution_op, _jit_compiled_convolution_op, _jit_compiled_convolution_op while saving (showing 5 of 14). These functions will not be directly callable after loading. ]
[2024-10-14 18:55:37,416: INFO: builder_impl: Assets written to: C:\Users\wiki\AppData\Local\Temp\tmp9i35nod0\model\data\model\assets ]
[2024-10-14 19:06:08,909: INFO: common: yaml file: config\config.yaml loaded successfully ]
[2024-10-14 19:06:08,924: INFO: common: yaml file: params.yaml loaded successfully ]
[2024-10-14 19:06:08,926: INFO: common: created directory at: artifacts ]
[2024-10-14 19:06:39,010: INFO: common: json file saved at: scores.json ]
[2024-10-14 19:06:42,446: WARNING: save: Found untraced functions such as _jit_compiled_convolution_op, _jit_compiled_convolution_op, _jit_compiled_convolution_op, _jit_compiled_convolution_op, _jit_compiled_convolution_op while saving (showing 5 of 14). These functions will not be directly callable after loading. ]
[2024-10-14 19:06:43,233: INFO: builder_impl: Assets written to: C:\Users\wiki\AppData\Local\Temp\tmp_3fa26my\model\data\model\assets ]
[2024-10-14 20:24:42,424: INFO: main: >>>>>>> stage Data Ingestion stage started <<<<<<< ]
[2024-10-14 20:24:42,429: INFO: common: yaml file: config\config.yaml loaded successfully ]
[2024-10-14 20:24:42,442: INFO: common: yaml file: params.yaml loaded successfully ]
[2024-10-14 20:24:42,445: INFO: common: created directory at: artifacts ]
[2024-10-14 20:24:42,447: INFO: common: created directory at: artifacts/data_ingestion ]
[2024-10-14 20:24:42,448: INFO: data_ingestion: Downloading data from https://drive.google.com/file/d/1XB9bXEKCf7Zg50eMlAnjFt6wUm6jqb9Z/view?usp=drive_link into file artifacts/data_ingestion/data.zip ]
[2024-10-14 20:28:27,388: INFO: data_ingestion: Downloaded data from https://drive.google.com/file/d/1XB9bXEKCf7Zg50eMlAnjFt6wUm6jqb9Z/view?usp=drive_link into file artifacts/data_ingestion/data.zip ]
[2024-10-14 20:28:28,298: INFO: main: >>>>>>> stage Data Ingestion stage completed <<<<<<<

x==============x ]
[2024-10-14 20:28:28,298: INFO: main: ******************* ]
[2024-10-14 20:28:28,298: INFO: main: >>>>>> stage Prepare base model started <<<<<< ]
[2024-10-14 20:28:28,298: INFO: common: yaml file: config\config.yaml loaded successfully ]
[2024-10-14 20:28:28,298: INFO: common: yaml file: params.yaml loaded successfully ]
[2024-10-14 20:28:28,298: INFO: common: created directory at: artifacts ]
[2024-10-14 20:28:28,298: INFO: common: created directory at: artifacts/prepare_base_model ]
[2024-10-14 20:28:29,117: WARNING: saving_utils: Compiled the loaded model, but the compiled metrics have yet to be built. `model.compile_metrics` will be empty until you train or evaluate the model. ]
[2024-10-14 20:28:29,444: INFO: main: >>>>>> stage Prepare base model completed <<<<<<

x==========x ]
[2024-10-14 20:28:29,444: INFO: main: ******************* ]
[2024-10-14 20:28:29,444: INFO: main: >>>>>> stage Training started <<<<<< ]
[2024-10-14 20:28:29,444: INFO: common: yaml file: config\config.yaml loaded successfully ]
[2024-10-14 20:28:29,444: INFO: common: yaml file: params.yaml loaded successfully ]
[2024-10-14 20:28:29,444: INFO: common: created directory at: artifacts ]
[2024-10-14 20:28:29,444: INFO: common: created directory at: artifacts\training ]
[2024-10-14 20:29:45,008: INFO: main: >>>>>> stage Training completed <<<<<<

x==========x ]
[2024-10-14 20:29:45,009: INFO: main: ******************* ]
[2024-10-14 20:29:45,009: INFO: main: >>>>>> stage Evaluation stage started <<<<<< ]
[2024-10-14 20:29:45,015: INFO: common: yaml file: config\config.yaml loaded successfully ]
[2024-10-14 20:29:45,018: INFO: common: yaml file: params.yaml loaded successfully ]
[2024-10-14 20:29:45,020: INFO: common: created directory at: artifacts ]
[2024-10-14 20:29:45,915: ERROR: main: name 'model' is not defined ]
Traceback (most recent call last):
  File "C:\Users\wiki\Desktop\kidney-mlops\kidney-disease-mlops\main.py", line 49, in <module>
    model_trainer.main()
  File "c:\users\wiki\desktop\kidney-mlops\kidney-disease-mlops\src\cnnClassifier\pipeline\stage_04_model_evaluation_mlflow.py", line 15, in main
    evaluation.evaluation()
  File "c:\users\wiki\desktop\kidney-mlops\kidney-disease-mlops\src\cnnClassifier\components\model_evaluation_mlflow.py", line 47, in evaluation
    self.score = model.evaluate(self.valid_generator)
                 ^^^^^
NameError: name 'model' is not defined
[2024-10-14 20:53:34,159: INFO: main: >>>>>>> stage Data Ingestion stage started <<<<<<< ]
[2024-10-14 20:53:34,161: INFO: common: yaml file: config\config.yaml loaded successfully ]
[2024-10-14 20:53:34,164: INFO: common: yaml file: params.yaml loaded successfully ]
[2024-10-14 20:53:34,165: INFO: common: created directory at: artifacts ]
[2024-10-14 20:53:34,165: INFO: common: created directory at: artifacts/data_ingestion ]
[2024-10-14 20:53:34,165: INFO: data_ingestion: Downloading data from https://drive.google.com/file/d/1XB9bXEKCf7Zg50eMlAnjFt6wUm6jqb9Z/view?usp=drive_link into file artifacts/data_ingestion/data.zip ]
[2024-10-14 20:56:09,312: INFO: data_ingestion: Downloaded data from https://drive.google.com/file/d/1XB9bXEKCf7Zg50eMlAnjFt6wUm6jqb9Z/view?usp=drive_link into file artifacts/data_ingestion/data.zip ]
[2024-10-14 20:56:10,099: INFO: main: >>>>>>> stage Data Ingestion stage completed <<<<<<<

x==============x ]
[2024-10-14 20:56:10,099: INFO: main: ******************* ]
[2024-10-14 20:56:10,099: INFO: main: >>>>>> stage Prepare base model started <<<<<< ]
[2024-10-14 20:56:10,101: INFO: common: yaml file: config\config.yaml loaded successfully ]
[2024-10-14 20:56:10,104: INFO: common: yaml file: params.yaml loaded successfully ]
[2024-10-14 20:56:10,104: INFO: common: created directory at: artifacts ]
[2024-10-14 20:56:10,105: INFO: common: created directory at: artifacts/prepare_base_model ]
[2024-10-14 20:56:10,846: WARNING: saving_utils: Compiled the loaded model, but the compiled metrics have yet to be built. `model.compile_metrics` will be empty until you train or evaluate the model. ]
[2024-10-14 20:56:11,203: INFO: main: >>>>>> stage Prepare base model completed <<<<<<

x==========x ]
[2024-10-14 20:56:11,203: INFO: main: ******************* ]
[2024-10-14 20:56:11,204: INFO: main: >>>>>> stage Training started <<<<<< ]
[2024-10-14 20:56:11,208: INFO: common: yaml file: config\config.yaml loaded successfully ]
[2024-10-14 20:56:11,212: INFO: common: yaml file: params.yaml loaded successfully ]
[2024-10-14 20:56:11,213: INFO: common: created directory at: artifacts ]
[2024-10-14 20:56:11,213: INFO: common: created directory at: artifacts\training ]
[2024-10-14 20:57:20,551: INFO: main: >>>>>> stage Training completed <<<<<<

x==========x ]
[2024-10-14 20:57:20,553: INFO: main: ******************* ]
[2024-10-14 20:57:20,553: INFO: main: >>>>>> stage Evaluation stage started <<<<<< ]
[2024-10-14 20:57:20,558: INFO: common: yaml file: config\config.yaml loaded successfully ]
[2024-10-14 20:57:20,563: INFO: common: yaml file: params.yaml loaded successfully ]
[2024-10-14 20:57:20,564: INFO: common: created directory at: artifacts ]
[2024-10-14 20:57:46,786: INFO: common: json file saved at: scores.json ]
[2024-10-14 20:57:46,788: INFO: common: json file saved at: scores.json ]
[2024-10-14 20:57:49,838: WARNING: save: Found untraced functions such as _jit_compiled_convolution_op, _jit_compiled_convolution_op, _jit_compiled_convolution_op, _jit_compiled_convolution_op, _jit_compiled_convolution_op while saving (showing 5 of 14). These functions will not be directly callable after loading. ]
[2024-10-14 20:57:50,680: INFO: builder_impl: Assets written to: C:\Users\wiki\AppData\Local\Temp\tmp2o9tcfvv\model\data\model\assets ]
[2024-10-14 21:00:18,861: INFO: main: >>>>>> stage Evaluation stage completed <<<<<<

x==========x ]
[2024-10-14 21:01:13,630: INFO: main: >>>>>>> stage Data Ingestion stage started <<<<<<< ]
[2024-10-14 21:01:13,632: INFO: common: yaml file: config\config.yaml loaded successfully ]
[2024-10-14 21:01:13,649: INFO: common: yaml file: params.yaml loaded successfully ]
[2024-10-14 21:01:13,650: INFO: common: created directory at: artifacts ]
[2024-10-14 21:01:13,650: INFO: common: created directory at: artifacts/data_ingestion ]
[2024-10-14 21:01:13,651: INFO: data_ingestion: Downloading data from https://drive.google.com/file/d/1XB9bXEKCf7Zg50eMlAnjFt6wUm6jqb9Z/view?usp=drive_link into file artifacts/data_ingestion/data.zip ]
[2024-10-14 21:04:06,207: INFO: data_ingestion: Downloaded data from https://drive.google.com/file/d/1XB9bXEKCf7Zg50eMlAnjFt6wUm6jqb9Z/view?usp=drive_link into file artifacts/data_ingestion/data.zip ]
[2024-10-14 21:04:07,043: INFO: main: >>>>>>> stage Data Ingestion stage completed <<<<<<<

x==============x ]
[2024-10-14 21:04:07,044: INFO: main: ******************* ]
[2024-10-14 21:04:07,044: INFO: main: >>>>>> stage Prepare base model started <<<<<< ]
[2024-10-14 21:04:07,046: INFO: common: yaml file: config\config.yaml loaded successfully ]
[2024-10-14 21:04:07,049: INFO: common: yaml file: params.yaml loaded successfully ]
[2024-10-14 21:04:07,050: INFO: common: created directory at: artifacts ]
[2024-10-14 21:04:07,050: INFO: common: created directory at: artifacts/prepare_base_model ]
[2024-10-14 21:04:07,710: WARNING: saving_utils: Compiled the loaded model, but the compiled metrics have yet to be built. `model.compile_metrics` will be empty until you train or evaluate the model. ]
[2024-10-14 21:04:08,135: INFO: main: >>>>>> stage Prepare base model completed <<<<<<

x==========x ]
[2024-10-14 21:04:08,136: INFO: main: ******************* ]
[2024-10-14 21:04:08,136: INFO: main: >>>>>> stage Training started <<<<<< ]
[2024-10-14 21:04:08,137: INFO: common: yaml file: config\config.yaml loaded successfully ]
[2024-10-14 21:04:08,139: INFO: common: yaml file: params.yaml loaded successfully ]
[2024-10-14 21:04:08,140: INFO: common: created directory at: artifacts ]
[2024-10-14 21:04:08,141: INFO: common: created directory at: artifacts\training ]
[2024-10-14 21:06:44,014: INFO: main: >>>>>> stage Training completed <<<<<<

x==========x ]
[2024-10-14 21:06:44,015: INFO: main: ******************* ]
[2024-10-14 21:06:44,015: INFO: main: >>>>>> stage Evaluation stage started <<<<<< ]
[2024-10-14 21:06:44,020: INFO: common: yaml file: config\config.yaml loaded successfully ]
[2024-10-14 21:06:44,024: INFO: common: yaml file: params.yaml loaded successfully ]
[2024-10-14 21:06:44,025: INFO: common: created directory at: artifacts ]
[2024-10-14 21:07:10,703: INFO: common: json file saved at: scores.json ]
[2024-10-14 21:07:10,704: INFO: common: json file saved at: scores.json ]
[2024-10-14 21:07:13,477: WARNING: save: Found untraced functions such as _jit_compiled_convolution_op, _jit_compiled_convolution_op, _jit_compiled_convolution_op, _jit_compiled_convolution_op, _jit_compiled_convolution_op while saving (showing 5 of 14). These functions will not be directly callable after loading. ]
[2024-10-14 21:07:14,118: INFO: builder_impl: Assets written to: C:\Users\wiki\AppData\Local\Temp\tmp01ij27ad\model\data\model\assets ]
[2024-10-14 21:09:44,760: INFO: main: >>>>>> stage Evaluation stage completed <<<<<<

x==========x ]
[2024-10-14 21:55:07,272: INFO: stage_01_data_ingestion: >>>>>>> stage Data Ingestion stage started <<<<<<< ]
[2024-10-14 21:55:07,274: INFO: common: yaml file: config\config.yaml loaded successfully ]
[2024-10-14 21:55:07,278: INFO: common: yaml file: params.yaml loaded successfully ]
[2024-10-14 21:55:07,279: INFO: common: created directory at: artifacts ]
[2024-10-14 21:55:07,279: INFO: common: created directory at: artifacts/data_ingestion ]
[2024-10-14 21:55:07,280: INFO: data_ingestion: Downloading data from https://drive.google.com/file/d/1XB9bXEKCf7Zg50eMlAnjFt6wUm6jqb9Z/view?usp=drive_link into file artifacts/data_ingestion/data.zip ]
[2024-10-14 21:58:05,565: INFO: data_ingestion: Downloaded data from https://drive.google.com/file/d/1XB9bXEKCf7Zg50eMlAnjFt6wUm6jqb9Z/view?usp=drive_link into file artifacts/data_ingestion/data.zip ]
[2024-10-14 21:58:06,640: INFO: stage_01_data_ingestion: >>>>>>> stage Data Ingestion stage completed <<<<<<< ]
[2024-10-14 21:58:21,699: INFO: stage_02_prepare_base_model: ******************* ]
[2024-10-14 21:58:21,700: INFO: stage_02_prepare_base_model: >>>>>> stage Prepare base model started <<<<<< ]
[2024-10-14 21:58:21,702: INFO: common: yaml file: config\config.yaml loaded successfully ]
[2024-10-14 21:58:21,705: INFO: common: yaml file: params.yaml loaded successfully ]
[2024-10-14 21:58:21,706: INFO: common: created directory at: artifacts ]
[2024-10-14 21:58:21,707: INFO: common: created directory at: artifacts/prepare_base_model ]
[2024-10-14 21:58:22,457: WARNING: saving_utils: Compiled the loaded model, but the compiled metrics have yet to be built. `model.compile_metrics` will be empty until you train or evaluate the model. ]
[2024-10-14 21:58:22,799: INFO: stage_02_prepare_base_model: >>>>>> stage Prepare base model completed <<<<<<

x==========x ]
[2024-10-14 21:58:30,548: INFO: stage_03_model_training: ******************* ]
[2024-10-14 21:58:30,549: INFO: stage_03_model_training: >>>>>> stage Training started <<<<<< ]
[2024-10-14 21:58:30,553: INFO: common: yaml file: config\config.yaml loaded successfully ]
[2024-10-14 21:58:30,555: INFO: common: yaml file: params.yaml loaded successfully ]
[2024-10-14 21:58:30,556: INFO: common: created directory at: artifacts ]
[2024-10-14 21:58:30,557: INFO: common: created directory at: artifacts\training ]
[2024-10-14 22:01:16,011: INFO: stage_03_model_training: >>>>>> stage Training completed <<<<<<

x==========x ]
[2024-10-14 23:06:13,279: INFO: common: yaml file: config\config.yaml loaded successfully ]
[2024-10-14 23:06:13,284: INFO: common: yaml file: params.yaml loaded successfully ]
[2024-10-14 23:06:13,287: INFO: common: created directory at: artifacts ]
[2024-10-14 23:06:35,045: INFO: common: json file saved at: scores.json ]
[2024-10-14 23:06:37,574: WARNING: save: Found untraced functions such as _jit_compiled_convolution_op, _jit_compiled_convolution_op, _jit_compiled_convolution_op, _jit_compiled_convolution_op, _jit_compiled_convolution_op while saving (showing 5 of 14). These functions will not be directly callable after loading. ]
[2024-10-14 23:06:38,241: INFO: builder_impl: Assets written to: C:\Users\wiki\AppData\Local\Temp\tmpv7pb67_w\model\data\model\assets ]
[2024-10-14 23:12:30,748: INFO: stage_04_model_evaluation_mlflow: ******************* ]
[2024-10-14 23:12:30,748: INFO: stage_04_model_evaluation_mlflow: >>>>>> stage Evaluation stage started <<<<<< ]
[2024-10-14 23:12:30,748: INFO: common: yaml file: config\config.yaml loaded successfully ]
[2024-10-14 23:12:30,748: INFO: common: yaml file: params.yaml loaded successfully ]
[2024-10-14 23:12:30,748: INFO: common: created directory at: artifacts ]
[2024-10-14 23:12:50,650: INFO: common: json file saved at: scores.json ]
[2024-10-14 23:12:50,650: INFO: common: json file saved at: scores.json ]
[2024-10-14 23:12:50,660: INFO: stage_04_model_evaluation_mlflow: >>>>>> stage Evaluation stage completed <<<<<<

x==========x ]
[2024-10-14 23:13:43,283: INFO: stage_04_model_evaluation_mlflow: ******************* ]
[2024-10-14 23:13:43,283: INFO: stage_04_model_evaluation_mlflow: >>>>>> stage Evaluation stage started <<<<<< ]
[2024-10-14 23:13:43,283: INFO: common: yaml file: config\config.yaml loaded successfully ]
[2024-10-14 23:13:43,283: INFO: common: yaml file: params.yaml loaded successfully ]
[2024-10-14 23:13:43,299: INFO: common: created directory at: artifacts ]
[2024-10-14 23:14:02,064: INFO: common: json file saved at: scores.json ]
[2024-10-14 23:14:02,064: INFO: common: json file saved at: scores.json ]
[2024-10-14 23:14:05,792: WARNING: save: Found untraced functions such as _jit_compiled_convolution_op, _jit_compiled_convolution_op, _jit_compiled_convolution_op, _jit_compiled_convolution_op, _jit_compiled_convolution_op while saving (showing 5 of 14). These functions will not be directly callable after loading. ]
[2024-10-14 23:14:06,370: INFO: builder_impl: Assets written to: C:\Users\wiki\AppData\Local\Temp\tmp5bporftn\model\data\model\assets ]
[2024-10-14 23:16:29,415: INFO: stage_04_model_evaluation_mlflow: >>>>>> stage Evaluation stage completed <<<<<<

x==========x ]
[2024-10-14 23:54:57,436: INFO: _internal: [31m[1mWARNING: This is a development server. Do not use it in a production deployment. Use a production WSGI server instead.[0m
 * Running on all addresses (0.0.0.0)
 * Running on http://127.0.0.1:8080
 * Running on http://192.168.0.170:8080 ]
[2024-10-14 23:54:57,436: INFO: _internal: [33mPress CTRL+C to quit[0m ]
[2024-10-14 23:55:35,987: INFO: _internal: 127.0.0.1 - - [14/Oct/2024 23:55:35] "GET / HTTP/1.1" 200 - ]
[2024-10-14 23:56:15,344: ERROR: app: Exception on /predict [POST] ]
Traceback (most recent call last):
  File "C:\Users\wiki\anaconda3\envs\kidney\Lib\site-packages\flask\app.py", line 2190, in wsgi_app
    response = self.full_dispatch_request()
               ^^^^^^^^^^^^^^^^^^^^^^^^^^^^
  File "C:\Users\wiki\anaconda3\envs\kidney\Lib\site-packages\flask\app.py", line 1486, in full_dispatch_request
    rv = self.handle_user_exception(e)
         ^^^^^^^^^^^^^^^^^^^^^^^^^^^^^
  File "C:\Users\wiki\anaconda3\envs\kidney\Lib\site-packages\flask_cors\extension.py", line 194, in wrapped_function
    return cors_after_request(app.make_response(f(*args, **kwargs)))
                                                ^^^^^^^^^^^^^^^^^^
  File "C:\Users\wiki\anaconda3\envs\kidney\Lib\site-packages\flask\app.py", line 1484, in full_dispatch_request
    rv = self.dispatch_request()
         ^^^^^^^^^^^^^^^^^^^^^^^
  File "C:\Users\wiki\anaconda3\envs\kidney\Lib\site-packages\flask\app.py", line 1469, in dispatch_request
    return self.ensure_sync(self.view_functions[rule.endpoint])(**view_args)
           ^^^^^^^^^^^^^^^^^^^^^^^^^^^^^^^^^^^^^^^^^^^^^^^^^^^^^^^^^^^^^^^^^
  File "C:\Users\wiki\anaconda3\envs\kidney\Lib\site-packages\flask_cors\decorator.py", line 130, in wrapped_function
    resp = make_response(f(*args, **kwargs))
                         ^^^^^^^^^^^^^^^^^^
  File "C:\Users\wiki\Desktop\kidney-mlops\kidney-disease-mlops\app.py", line 44, in predictRoute
    result = clApp.classifier.predict()
             ^^^^^^^^^^^^^^^^^^^^^^^^^^
  File "c:\users\wiki\desktop\kidney-mlops\kidney-disease-mlops\src\cnnClassifier\pipeline\prediction.py", line 16, in predict
    model = load_model(os.path.join("model", "model.h5"))
            ^^^^^^^^^^^^^^^^^^^^^^^^^^^^^^^^^^^^^^^^^^^^^
  File "C:\Users\wiki\anaconda3\envs\kidney\Lib\site-packages\keras\saving\saving_api.py", line 212, in load_model
    return legacy_sm_saving_lib.load_model(
           ^^^^^^^^^^^^^^^^^^^^^^^^^^^^^^^^
  File "C:\Users\wiki\anaconda3\envs\kidney\Lib\site-packages\keras\utils\traceback_utils.py", line 70, in error_handler
    raise e.with_traceback(filtered_tb) from None
  File "C:\Users\wiki\anaconda3\envs\kidney\Lib\site-packages\keras\saving\legacy\save.py", line 230, in load_model
    raise IOError(
OSError: No file or directory found at model\model.h5
[2024-10-14 23:56:15,360: INFO: _internal: 127.0.0.1 - - [14/Oct/2024 23:56:15] "[35m[1mPOST /predict HTTP/1.1[0m" 500 - ]
[2024-10-15 00:05:55,822: INFO: _internal: [31m[1mWARNING: This is a development server. Do not use it in a production deployment. Use a production WSGI server instead.[0m
 * Running on all addresses (0.0.0.0)
 * Running on http://127.0.0.1:8080
 * Running on http://192.168.0.170:8080 ]
[2024-10-15 00:05:55,822: INFO: _internal: [33mPress CTRL+C to quit[0m ]
[2024-10-15 00:06:04,197: INFO: _internal: 127.0.0.1 - - [15/Oct/2024 00:06:04] "GET / HTTP/1.1" 200 - ]
[2024-10-15 00:06:12,204: ERROR: app: Exception on /predict [POST] ]
Traceback (most recent call last):
  File "C:\Users\wiki\anaconda3\envs\kidney\Lib\site-packages\flask\app.py", line 2190, in wsgi_app
    response = self.full_dispatch_request()
               ^^^^^^^^^^^^^^^^^^^^^^^^^^^^
  File "C:\Users\wiki\anaconda3\envs\kidney\Lib\site-packages\flask\app.py", line 1486, in full_dispatch_request
    rv = self.handle_user_exception(e)
         ^^^^^^^^^^^^^^^^^^^^^^^^^^^^^
  File "C:\Users\wiki\anaconda3\envs\kidney\Lib\site-packages\flask_cors\extension.py", line 194, in wrapped_function
    return cors_after_request(app.make_response(f(*args, **kwargs)))
                                                ^^^^^^^^^^^^^^^^^^
  File "C:\Users\wiki\anaconda3\envs\kidney\Lib\site-packages\flask\app.py", line 1484, in full_dispatch_request
    rv = self.dispatch_request()
         ^^^^^^^^^^^^^^^^^^^^^^^
  File "C:\Users\wiki\anaconda3\envs\kidney\Lib\site-packages\flask\app.py", line 1469, in dispatch_request
    return self.ensure_sync(self.view_functions[rule.endpoint])(**view_args)
           ^^^^^^^^^^^^^^^^^^^^^^^^^^^^^^^^^^^^^^^^^^^^^^^^^^^^^^^^^^^^^^^^^
  File "C:\Users\wiki\anaconda3\envs\kidney\Lib\site-packages\flask_cors\decorator.py", line 130, in wrapped_function
    resp = make_response(f(*args, **kwargs))
                         ^^^^^^^^^^^^^^^^^^
  File "C:\Users\wiki\Desktop\kidney-mlops\kidney-disease-mlops\app.py", line 44, in predictRoute
    result = clApp.classifier.predict()
             ^^^^^^^^^^^^^^^^^^^^^^^^^^
  File "c:\users\wiki\desktop\kidney-mlops\kidney-disease-mlops\src\cnnClassifier\pipeline\prediction.py", line 16, in predict
    model = load_model(os.path.join("training", "model.h5"))
            ^^^^^^^^^^^^^^^^^^^^^^^^^^^^^^^^^^^^^^^^^^^^^^^^
  File "C:\Users\wiki\anaconda3\envs\kidney\Lib\site-packages\keras\saving\saving_api.py", line 212, in load_model
    return legacy_sm_saving_lib.load_model(
           ^^^^^^^^^^^^^^^^^^^^^^^^^^^^^^^^
  File "C:\Users\wiki\anaconda3\envs\kidney\Lib\site-packages\keras\utils\traceback_utils.py", line 70, in error_handler
    raise e.with_traceback(filtered_tb) from None
  File "C:\Users\wiki\anaconda3\envs\kidney\Lib\site-packages\keras\saving\legacy\save.py", line 230, in load_model
    raise IOError(
OSError: No file or directory found at training\model.h5
[2024-10-15 00:06:12,219: INFO: _internal: 127.0.0.1 - - [15/Oct/2024 00:06:12] "[35m[1mPOST /predict HTTP/1.1[0m" 500 - ]
[2024-10-15 00:08:42,284: INFO: _internal: [31m[1mWARNING: This is a development server. Do not use it in a production deployment. Use a production WSGI server instead.[0m
 * Running on all addresses (0.0.0.0)
 * Running on http://127.0.0.1:8080
 * Running on http://192.168.0.170:8080 ]
[2024-10-15 00:08:42,284: INFO: _internal: [33mPress CTRL+C to quit[0m ]
[2024-10-15 00:08:46,696: INFO: _internal: 127.0.0.1 - - [15/Oct/2024 00:08:46] "GET / HTTP/1.1" 200 - ]
[2024-10-15 00:08:57,158: INFO: _internal: 127.0.0.1 - - [15/Oct/2024 00:08:57] "POST /predict HTTP/1.1" 200 - ]
[2024-10-15 00:09:19,494: INFO: _internal: 127.0.0.1 - - [15/Oct/2024 00:09:19] "POST /predict HTTP/1.1" 200 - ]
